<?xml version="1.0" encoding="UTF-8"?>
<testsuite xmlns:xsi="http://www.w3.org/2001/XMLSchema-instance" xsi:noNamespaceSchemaLocation="https://maven.apache.org/surefire/maven-surefire-plugin/xsd/surefire-test-report-3.0.xsd" version="3.0" name="testRunners.TestRun" time="86.673" tests="4" errors="0" skipped="0" failures="0">
  <properties>
[...]
</properties>
  <testcase name="Test the successful creation of new customer" classname="Customer Feature of OpenCart Admin" time="15.486">
    <system-out><![CDATA[
@positive
Scenario: Test the successful creation of new customer                                                       # src/test/resources/features/Customers.feature:14
 INFO [main] (StepDefinitions.java:63)- *************** Launching browser **************
  Given User launches the chrome browser                                                                     # stepDefinitions.StepDefinitions.launchChromeBrowser()
 INFO [main] (StepDefinitions.java:68)- *************** Opening Url **************
  And User opens OpenCart Ecommerce - Admin Application using "http://localhost:8080/opencart/upload/admin/" # stepDefinitions.StepDefinitions.launch_OpenCart_AdminApplication(java.lang.String)
  When User enters username as "admin" and password as "admin"                                               # stepDefinitions.StepDefinitions.setUsername_And_Password(java.lang.String,java.lang.String)
 INFO [main] (StepDefinitions.java:85)- *************** Logging In **************
  And User clicks on login button                                                                            # stepDefinitions.StepDefinitions.clickLoginBtn()
 INFO [main] (StepDefinitions.java:93)- *************** Checking Title of the Page **************
  Then Title of the page should be "Dashboard"                                                               # stepDefinitions.StepDefinitions.checkTitleOfPage(java.lang.String)
  When User click on Customer DropDown                                                                       # stepDefinitions.StepDefinitions.clickOnCustomerDropdown()
  And User clicks on Customers option from dropdown                                                          # stepDefinitions.StepDefinitions.clickOnCustomersOptionFromDropdown()
 INFO [main] (StepDefinitions.java:93)- *************** Checking Title of the Page **************
  Then Title of the page should be "Customers"                                                               # stepDefinitions.StepDefinitions.checkTitleOfPage(java.lang.String)
  When User clicks on Add Customer button                                                                    # stepDefinitions.StepDefinitions.clickOnAddCutomerButton()
 INFO [main] (StepDefinitions.java:132)- *************** Adding  new Customer details **************
  And User enters new customer details                                                                       # stepDefinitions.StepDefinitions.user_enters_new_customer_details()
  And User clicks on save button                                                                             # stepDefinitions.StepDefinitions.clickOnSaveButton()
  Then User can see confirmation message "Success: You have modified customers!"                             # stepDefinitions.StepDefinitions.checkConfirmationMessage(java.lang.String)
 INFO [main] (StepDefinitions.java:56)- *************** Closing Browser **************
]]></system-out>
  </testcase>
  <testcase name="Test the customer filter functionality using customer name field" classname="Customer Feature of OpenCart Admin" time="19.912">
    <system-out><![CDATA[
@positive
Scenario: Test the customer filter functionality using customer name field                                   # src/test/resources/features/Customers.feature:21
 INFO [main] (StepDefinitions.java:63)- *************** Launching browser **************
  Given User launches the chrome browser                                                                     # stepDefinitions.StepDefinitions.launchChromeBrowser()
 INFO [main] (StepDefinitions.java:68)- *************** Opening Url **************
  And User opens OpenCart Ecommerce - Admin Application using "http://localhost:8080/opencart/upload/admin/" # stepDefinitions.StepDefinitions.launch_OpenCart_AdminApplication(java.lang.String)
  When User enters username as "admin" and password as "admin"                                               # stepDefinitions.StepDefinitions.setUsername_And_Password(java.lang.String,java.lang.String)
 INFO [main] (StepDefinitions.java:85)- *************** Logging In **************
  And User clicks on login button                                                                            # stepDefinitions.StepDefinitions.clickLoginBtn()
 INFO [main] (StepDefinitions.java:93)- *************** Checking Title of the Page **************
  Then Title of the page should be "Dashboard"                                                               # stepDefinitions.StepDefinitions.checkTitleOfPage(java.lang.String)
  When User click on Customer DropDown                                                                       # stepDefinitions.StepDefinitions.clickOnCustomerDropdown()
  And User clicks on Customers option from dropdown                                                          # stepDefinitions.StepDefinitions.clickOnCustomersOptionFromDropdown()
 INFO [main] (StepDefinitions.java:93)- *************** Checking Title of the Page **************
  Then Title of the page should be "Customers"                                                               # stepDefinitions.StepDefinitions.checkTitleOfPage(java.lang.String)
  When User enters fullname in Customer Name field                                                           # stepDefinitions.StepDefinitions.enterNameInCustomerSearchField()
  And Clicks on filter button                                                                                # stepDefinitions.StepDefinitions.clickOnFilterButton()
 INFO [main] (StepDefinitions.java:190)- *************** Checking Customer details using fullname **************
  Then Customer name should be same as provided to filter the customer                                       # stepDefinitions.StepDefinitions.checkIfCustomerAvailableUsingName()
 INFO [main] (StepDefinitions.java:56)- *************** Closing Browser **************
]]></system-out>
  </testcase>
  <testcase name="Test the customer filter functionality using customer email field" classname="Customer Feature of OpenCart Admin" time="30.653">
    <system-out><![CDATA[
@positive
Scenario: Test the customer filter functionality using customer email field                                  # src/test/resources/features/Customers.feature:27
 INFO [main] (StepDefinitions.java:63)- *************** Launching browser **************
  Given User launches the chrome browser                                                                     # stepDefinitions.StepDefinitions.launchChromeBrowser()
 INFO [main] (StepDefinitions.java:68)- *************** Opening Url **************
  And User opens OpenCart Ecommerce - Admin Application using "http://localhost:8080/opencart/upload/admin/" # stepDefinitions.StepDefinitions.launch_OpenCart_AdminApplication(java.lang.String)
  When User enters username as "admin" and password as "admin"                                               # stepDefinitions.StepDefinitions.setUsername_And_Password(java.lang.String,java.lang.String)
 INFO [main] (StepDefinitions.java:85)- *************** Logging In **************
  And User clicks on login button                                                                            # stepDefinitions.StepDefinitions.clickLoginBtn()
 INFO [main] (StepDefinitions.java:93)- *************** Checking Title of the Page **************
  Then Title of the page should be "Dashboard"                                                               # stepDefinitions.StepDefinitions.checkTitleOfPage(java.lang.String)
  When User click on Customer DropDown                                                                       # stepDefinitions.StepDefinitions.clickOnCustomerDropdown()
  And User clicks on Customers option from dropdown                                                          # stepDefinitions.StepDefinitions.clickOnCustomersOptionFromDropdown()
 INFO [main] (StepDefinitions.java:93)- *************** Checking Title of the Page **************
  Then Title of the page should be "Customers"                                                               # stepDefinitions.StepDefinitions.checkTitleOfPage(java.lang.String)
  When User enters email in the E-mail field                                                                 # stepDefinitions.StepDefinitions.enterEmailInEmailSearchField()
  And Clicks on filter button                                                                                # stepDefinitions.StepDefinitions.clickOnFilterButton()
 INFO [main] (StepDefinitions.java:219)- *************** Checking Customer details using email **************
  Then Customer email should be same as email provided to filter the customer                                # stepDefinitions.StepDefinitions.checkIfCustomerAvailableUsingEmail()
 INFO [main] (StepDefinitions.java:56)- *************** Closing Browser **************
]]></system-out>
  </testcase>
  <testcase name="Test the successful deletion of customer" classname="Customer Feature of OpenCart Admin" time="19.809">
    <system-out><![CDATA[
@positive
Scenario: Test the successful deletion of customer                                                           # src/test/resources/features/Customers.feature:33
 INFO [main] (StepDefinitions.java:63)- *************** Launching browser **************
  Given User launches the chrome browser                                                                     # stepDefinitions.StepDefinitions.launchChromeBrowser()
 INFO [main] (StepDefinitions.java:68)- *************** Opening Url **************
  And User opens OpenCart Ecommerce - Admin Application using "http://localhost:8080/opencart/upload/admin/" # stepDefinitions.StepDefinitions.launch_OpenCart_AdminApplication(java.lang.String)
  When User enters username as "admin" and password as "admin"                                               # stepDefinitions.StepDefinitions.setUsername_And_Password(java.lang.String,java.lang.String)
 INFO [main] (StepDefinitions.java:85)- *************** Logging In **************
  And User clicks on login button                                                                            # stepDefinitions.StepDefinitions.clickLoginBtn()
 INFO [main] (StepDefinitions.java:93)- *************** Checking Title of the Page **************
  Then Title of the page should be "Dashboard"                                                               # stepDefinitions.StepDefinitions.checkTitleOfPage(java.lang.String)
  When User click on Customer DropDown                                                                       # stepDefinitions.StepDefinitions.clickOnCustomerDropdown()
  And User clicks on Customers option from dropdown                                                          # stepDefinitions.StepDefinitions.clickOnCustomersOptionFromDropdown()
 INFO [main] (StepDefinitions.java:93)- *************** Checking Title of the Page **************
  Then Title of the page should be "Customers"                                                               # stepDefinitions.StepDefinitions.checkTitleOfPage(java.lang.String)
  When User selects the customer to be deleted                                                               # stepDefinitions.StepDefinitions.user_selects_the_customer_to_be_deleted()
  And Click on delete button                                                                                 # stepDefinitions.StepDefinitions.click_on_delete_button()
  Then User can see confirmation message "Success: You have modified customers!"                             # stepDefinitions.StepDefinitions.checkConfirmationMessage(java.lang.String)
  And User should be deleted from the list of Customers                                                      # stepDefinitions.StepDefinitions.user_should_be_deleted_from_the_list_of_customers()
 INFO [main] (StepDefinitions.java:56)- *************** Closing Browser **************
]]></system-out>
  </testcase>
</testsuite>